<?xml version="1.0" encoding="UTF-8"?>
<testsuite name="SeamCarvingTest" tests="1" skipped="0" failures="0" errors="0" timestamp="2022-01-04T11:00:22" hostname="MATERIAL" time="2.201">
  <properties/>
  <testcase name="start" classname="SeamCarvingTest" time="2.201"/>
  <system-out><![CDATA[?[1;31m
Start test 1?[0m
The seam size: 10
The seam path: (6, 0) -> (7, 1) -> (7, 2) -> (8, 3) -> (8, 4) -> (8, 5) -> (9, 6) -> (8, 7) -> (9, 8) -> (10, 9)
?[1;31m
Start test 2?[0m
The seam size: 334
The seam path: (104, 0) -> (104, 1) -> (104, 2) -> (104, 3) -> (103, 4) -> (102, 5) -> (102, 6) -> (101, 7) -> (100, 8) -> (99, 9) -> (100, 10) -> (99, 11) -> (99, 12) -> (99, 13) -> (98, 14) -> (97, 15) -> (96, 16) -> (97, 17) -> (97, 18) -> (96, 19) -> (96, 20) -> (96, 21) -> (95, 22) -> (94, 23) -> (93, 24) -> (92, 25) -> (92, 26) -> (91, 27) -> (90, 28) -> (89, 29) -> (90, 30) -> (89, 31) -> (89, 32) -> (90, 33) -> (90, 34) -> (91, 35) -> (90, 36) -> (90, 37) -> (89, 38) -> (88, 39) -> (87, 40) -> (86, 41) -> (85, 42) -> (84, 43) -> (84, 44) -> (85, 45) -> (84, 46) -> (83, 47) -> (82, 48) -> (81, 49) -> (82, 50) -> (83, 51) -> (84, 52) -> (85, 53) -> (86, 54) -> (85, 55) -> (84, 56) -> (83, 57) -> (83, 58) -> (82, 59) -> (83, 60) -> (84, 61) -> (83, 62) -> (82, 63) -> (82, 64) -> (83, 65) -> (82, 66) -> (82, 67) -> (81, 68) -> (82, 69) -> (83, 70) -> (82, 71) -> (81, 72) -> (81, 73) -> (80, 74) -> (79, 75) -> (78, 76) -> (77, 77) -> (76, 78) -> (75, 79) -> (74, 80) -> (73, 81) -> (72, 82) -> (71, 83) -> (70, 84) -> (69, 85) -> (69, 86) -> (69, 87) -> (69, 88) -> (68, 89) -> (67, 90) -> (68, 91) -> (68, 92) -> (69, 93) -> (68, 94) -> (67, 95) -> (66, 96) -> (65, 97) -> (64, 98) -> (65, 99) -> (64, 100) -> (63, 101) -> (62, 102) -> (61, 103) -> (62, 104) -> (61, 105) -> (60, 106) -> (60, 107) -> (61, 108) -> (60, 109) -> (61, 110) -> (61, 111) -> (61, 112) -> (60, 113) -> (59, 114) -> (60, 115) -> (59, 116) -> (59, 117) -> (58, 118) -> (57, 119) -> (57, 120) -> (56, 121) -> (55, 122) -> (54, 123) -> (53, 124) -> (52, 125) -> (51, 126) -> (50, 127) -> (49, 128) -> (50, 129) -> (49, 130) -> (49, 131) -> (48, 132) -> (47, 133) -> (47, 134) -> (46, 135) -> (45, 136) -> (44, 137) -> (44, 138) -> (43, 139) -> (42, 140) -> (41, 141) -> (40, 142) -> (39, 143) -> (38, 144) -> (37, 145) -> (37, 146) -> (36, 147) -> (35, 148) -> (35, 149) -> (34, 150) -> (34, 151) -> (34, 152) -> (33, 153) -> (32, 154) -> (31, 155) -> (30, 156) -> (29, 157) -> (28, 158) -> (27, 159) -> (27, 160) -> (26, 161) -> (26, 162) -> (25, 163) -> (25, 164) -> (24, 165) -> (24, 166) -> (25, 167) -> (24, 168) -> (23, 169) -> (22, 170) -> (21, 171) -> (20, 172) -> (19, 173) -> (19, 174) -> (18, 175) -> (17, 176) -> (16, 177) -> (16, 178) -> (15, 179) -> (14, 180) -> (13, 181) -> (12, 182) -> (11, 183) -> (10, 184) -> (9, 185) -> (8, 186) -> (7, 187) -> (7, 188) -> (7, 189) -> (8, 190) -> (8, 191) -> (8, 192) -> (8, 193) -> (8, 194) -> (7, 195) -> (7, 196) -> (6, 197) -> (5, 198) -> (5, 199) -> (4, 200) -> (4, 201) -> (3, 202) -> (2, 203) -> (1, 204) -> (1, 205) -> (0, 206) -> (0, 207) -> (1, 208) -> (2, 209) -> (1, 210) -> (2, 211) -> (3, 212) -> (4, 213) -> (5, 214) -> (4, 215) -> (3, 216) -> (4, 217) -> (3, 218) -> (2, 219) -> (2, 220) -> (1, 221) -> (0, 222) -> (0, 223) -> (1, 224) -> (2, 225) -> (3, 226) -> (3, 227) -> (4, 228) -> (5, 229) -> (6, 230) -> (7, 231) -> (8, 232) -> (8, 233) -> (9, 234) -> (10, 235) -> (11, 236) -> (12, 237) -> (13, 238) -> (14, 239) -> (15, 240) -> (16, 241) -> (17, 242) -> (18, 243) -> (17, 244) -> (16, 245) -> (17, 246) -> (18, 247) -> (18, 248) -> (17, 249) -> (16, 250) -> (16, 251) -> (16, 252) -> (16, 253) -> (17, 254) -> (17, 255) -> (18, 256) -> (17, 257) -> (18, 258) -> (19, 259) -> (20, 260) -> (19, 261) -> (20, 262) -> (19, 263) -> (18, 264) -> (18, 265) -> (17, 266) -> (16, 267) -> (15, 268) -> (14, 269) -> (13, 270) -> (12, 271) -> (12, 272) -> (11, 273) -> (10, 274) -> (9, 275) -> (8, 276) -> (7, 277) -> (6, 278) -> (5, 279) -> (5, 280) -> (4, 281) -> (3, 282) -> (3, 283) -> (2, 284) -> (1, 285) -> (2, 286) -> (1, 287) -> (0, 288) -> (0, 289) -> (1, 290) -> (0, 291) -> (1, 292) -> (2, 293) -> (3, 294) -> (2, 295) -> (1, 296) -> (0, 297) -> (1, 298) -> (2, 299) -> (3, 300) -> (4, 301) -> (5, 302) -> (6, 303) -> (7, 304) -> (8, 305) -> (9, 306) -> (9, 307) -> (10, 308) -> (9, 309) -> (8, 310) -> (7, 311) -> (7, 312) -> (7, 313) -> (6, 314) -> (7, 315) -> (7, 316) -> (8, 317) -> (9, 318) -> (10, 319) -> (11, 320) -> (12, 321) -> (13, 322) -> (13, 323) -> (12, 324) -> (11, 325) -> (10, 326) -> (9, 327) -> (8, 328) -> (8, 329) -> (9, 330) -> (10, 331) -> (11, 332) -> (11, 333)
?[1;31m
Start test 3?[0m
The seam size: 429
The seam path: (400, 0) -> (400, 1) -> (399, 2) -> (398, 3) -> (397, 4) -> (396, 5) -> (395, 6) -> (394, 7) -> (395, 8) -> (395, 9) -> (394, 10) -> (393, 11) -> (392, 12) -> (391, 13) -> (392, 14) -> (393, 15) -> (393, 16) -> (394, 17) -> (395, 18) -> (396, 19) -> (397, 20) -> (398, 21) -> (399, 22) -> (400, 23) -> (401, 24) -> (401, 25) -> (401, 26) -> (401, 27) -> (401, 28) -> (401, 29) -> (401, 30) -> (401, 31) -> (401, 32) -> (402, 33) -> (403, 34) -> (404, 35) -> (405, 36) -> (406, 37) -> (407, 38) -> (408, 39) -> (409, 40) -> (409, 41) -> (409, 42) -> (409, 43) -> (409, 44) -> (409, 45) -> (409, 46) -> (409, 47) -> (410, 48) -> (410, 49) -> (410, 50) -> (410, 51) -> (410, 52) -> (410, 53) -> (410, 54) -> (410, 55) -> (409, 56) -> (408, 57) -> (409, 58) -> (410, 59) -> (411, 60) -> (412, 61) -> (413, 62) -> (414, 63) -> (415, 64) -> (416, 65) -> (417, 66) -> (418, 67) -> (419, 68) -> (420, 69) -> (421, 70) -> (422, 71) -> (423, 72) -> (424, 73) -> (425, 74) -> (426, 75) -> (427, 76) -> (428, 77) -> (429, 78) -> (430, 79) -> (431, 80) -> (432, 81) -> (433, 82) -> (433, 83) -> (433, 84) -> (433, 85) -> (433, 86) -> (433, 87) -> (433, 88) -> (434, 89) -> (435, 90) -> (436, 91) -> (437, 92) -> (438, 93) -> (439, 94) -> (440, 95) -> (441, 96) -> (441, 97) -> (442, 98) -> (443, 99) -> (444, 100) -> (443, 101) -> (444, 102) -> (444, 103) -> (445, 104) -> (446, 105) -> (447, 106) -> (448, 107) -> (449, 108) -> (449, 109) -> (449, 110) -> (449, 111) -> (448, 112) -> (447, 113) -> (447, 114) -> (448, 115) -> (449, 116) -> (450, 117) -> (451, 118) -> (452, 119) -> (453, 120) -> (452, 121) -> (451, 122) -> (451, 123) -> (452, 124) -> (453, 125) -> (454, 126) -> (455, 127) -> (456, 128) -> (457, 129) -> (457, 130) -> (457, 131) -> (457, 132) -> (457, 133) -> (457, 134) -> (458, 135) -> (459, 136) -> (459, 137) -> (459, 138) -> (459, 139) -> (459, 140) -> (460, 141) -> (461, 142) -> (462, 143) -> (463, 144) -> (464, 145) -> (465, 146) -> (466, 147) -> (467, 148) -> (468, 149) -> (469, 150) -> (470, 151) -> (471, 152) -> (472, 153) -> (473, 154) -> (474, 155) -> (475, 156) -> (476, 157) -> (477, 158) -> (478, 159) -> (479, 160) -> (480, 161) -> (481, 162) -> (482, 163) -> (481, 164) -> (482, 165) -> (483, 166) -> (484, 167) -> (485, 168) -> (486, 169) -> (487, 170) -> (488, 171) -> (489, 172) -> (490, 173) -> (491, 174) -> (492, 175) -> (493, 176) -> (492, 177) -> (491, 178) -> (492, 179) -> (493, 180) -> (494, 181) -> (495, 182) -> (496, 183) -> (497, 184) -> (498, 185) -> (499, 186) -> (500, 187) -> (501, 188) -> (502, 189) -> (503, 190) -> (504, 191) -> (505, 192) -> (505, 193) -> (506, 194) -> (507, 195) -> (508, 196) -> (509, 197) -> (510, 198) -> (511, 199) -> (512, 200) -> (513, 201) -> (513, 202) -> (513, 203) -> (513, 204) -> (513, 205) -> (514, 206) -> (515, 207) -> (516, 208) -> (517, 209) -> (518, 210) -> (519, 211) -> (519, 212) -> (520, 213) -> (520, 214) -> (521, 215) -> (522, 216) -> (523, 217) -> (524, 218) -> (525, 219) -> (526, 220) -> (527, 221) -> (528, 222) -> (529, 223) -> (529, 224) -> (529, 225) -> (528, 226) -> (529, 227) -> (530, 228) -> (531, 229) -> (532, 230) -> (533, 231) -> (534, 232) -> (535, 233) -> (536, 234) -> (537, 235) -> (536, 236) -> (536, 237) -> (537, 238) -> (538, 239) -> (539, 240) -> (540, 241) -> (541, 242) -> (541, 243) -> (542, 244) -> (543, 245) -> (544, 246) -> (544, 247) -> (545, 248) -> (545, 249) -> (544, 250) -> (544, 251) -> (545, 252) -> (546, 253) -> (547, 254) -> (548, 255) -> (549, 256) -> (550, 257) -> (551, 258) -> (551, 259) -> (551, 260) -> (550, 261) -> (550, 262) -> (551, 263) -> (550, 264) -> (549, 265) -> (548, 266) -> (547, 267) -> (546, 268) -> (546, 269) -> (547, 270) -> (546, 271) -> (545, 272) -> (545, 273) -> (544, 274) -> (545, 275) -> (546, 276) -> (545, 277) -> (544, 278) -> (543, 279) -> (542, 280) -> (541, 281) -> (540, 282) -> (540, 283) -> (540, 284) -> (540, 285) -> (541, 286) -> (542, 287) -> (543, 288) -> (544, 289) -> (545, 290) -> (545, 291) -> (546, 292) -> (545, 293) -> (544, 294) -> (543, 295) -> (543, 296) -> (542, 297) -> (541, 298) -> (541, 299) -> (542, 300) -> (543, 301) -> (544, 302) -> (545, 303) -> (546, 304) -> (547, 305) -> (548, 306) -> (547, 307) -> (546, 308) -> (547, 309) -> (548, 310) -> (547, 311) -> (546, 312) -> (545, 313) -> (545, 314) -> (546, 315) -> (545, 316) -> (546, 317) -> (547, 318) -> (548, 319) -> (548, 320) -> (549, 321) -> (548, 322) -> (548, 323) -> (548, 324) -> (547, 325) -> (546, 326) -> (545, 327) -> (544, 328) -> (543, 329) -> (544, 330) -> (544, 331) -> (544, 332) -> (544, 333) -> (544, 334) -> (545, 335) -> (546, 336) -> (547, 337) -> (548, 338) -> (548, 339) -> (549, 340) -> (548, 341) -> (549, 342) -> (550, 343) -> (551, 344) -> (552, 345) -> (553, 346) -> (553, 347) -> (552, 348) -> (551, 349) -> (550, 350) -> (549, 351) -> (548, 352) -> (548, 353) -> (548, 354) -> (548, 355) -> (549, 356) -> (549, 357) -> (550, 358) -> (551, 359) -> (552, 360) -> (552, 361) -> (553, 362) -> (553, 363) -> (554, 364) -> (555, 365) -> (556, 366) -> (556, 367) -> (557, 368) -> (556, 369) -> (556, 370) -> (555, 371) -> (554, 372) -> (553, 373) -> (552, 374) -> (552, 375) -> (551, 376) -> (551, 377) -> (551, 378) -> (552, 379) -> (551, 380) -> (551, 381) -> (551, 382) -> (551, 383) -> (552, 384) -> (553, 385) -> (553, 386) -> (553, 387) -> (552, 388) -> (552, 389) -> (552, 390) -> (552, 391) -> (553, 392) -> (552, 393) -> (551, 394) -> (551, 395) -> (551, 396) -> (552, 397) -> (552, 398) -> (552, 399) -> (552, 400) -> (551, 401) -> (550, 402) -> (549, 403) -> (548, 404) -> (548, 405) -> (548, 406) -> (549, 407) -> (548, 408) -> (547, 409) -> (548, 410) -> (549, 411) -> (549, 412) -> (549, 413) -> (548, 414) -> (548, 415) -> (548, 416) -> (548, 417) -> (548, 418) -> (547, 419) -> (547, 420) -> (547, 421) -> (548, 422) -> (547, 423) -> (547, 424) -> (548, 425) -> (548, 426) -> (549, 427) -> (550, 428)
]]></system-out>
  <system-err><![CDATA[]]></system-err>
</testsuite>
